Copyright 1986-2016 Xilinx, Inc. All Rights Reserved.
-------------------------------------------------------------------------------------------------------------------------------
| Tool Version : Vivado v.2016.3 (win64) Build 1682563 Mon Oct 10 19:07:27 MDT 2016
| Date         : Tue Nov 22 21:38:12 2016
| Host         : laptop running 64-bit major release  (build 9200)
| Command      : report_methodology -file ADC_toplevel_methodology_drc_routed.rpt -rpx ADC_toplevel_methodology_drc_routed.rpx
| Design       : ADC_toplevel
| Device       : xc7a100tcsg324-1
| Speed File   : -1
| Design State : Routed
-------------------------------------------------------------------------------------------------------------------------------

Report Methodology

Table of Contents
-----------------
1. REPORT SUMMARY
2. REPORT DETAILS

1. REPORT SUMMARY
-----------------
            Netlist: netlist
          Floorplan: design_1
      Design limits: <entire design considered>
             Max violations: <unlimited>
             Violations found: 43
+-----------+----------+-------------------------------+------------+
| Rule      | Severity | Description                   | Violations |
+-----------+----------+-------------------------------+------------+
| TIMING-18 | Warning  | Missing input or output delay | 19         |
| TIMING-20 | Warning  | Non-clocked latch             | 24         |
+-----------+----------+-------------------------------+------------+

2. REPORT DETAILS
-----------------
TIMING-18#1 Warning
Missing input or output delay  
An input delay is missing on AD2_SCL relative to clock(s) sys_clk_pin 
Related violations: <none>

TIMING-18#2 Warning
Missing input or output delay  
An input delay is missing on AD2_SDA relative to clock(s) sys_clk_pin 
Related violations: <none>

TIMING-18#3 Warning
Missing input or output delay  
An input delay is missing on CPU_RESETN relative to clock(s) sys_clk_pin 
Related violations: <none>

TIMING-18#4 Warning
Missing input or output delay  
An output delay is missing on LED[0] relative to clock(s) sys_clk_pin 
Related violations: <none>

TIMING-18#5 Warning
Missing input or output delay  
An output delay is missing on LED[10] relative to clock(s) sys_clk_pin 
Related violations: <none>

TIMING-18#6 Warning
Missing input or output delay  
An output delay is missing on LED[11] relative to clock(s) sys_clk_pin 
Related violations: <none>

TIMING-18#7 Warning
Missing input or output delay  
An output delay is missing on LED[12] relative to clock(s) sys_clk_pin 
Related violations: <none>

TIMING-18#8 Warning
Missing input or output delay  
An output delay is missing on LED[13] relative to clock(s) sys_clk_pin 
Related violations: <none>

TIMING-18#9 Warning
Missing input or output delay  
An output delay is missing on LED[14] relative to clock(s) sys_clk_pin 
Related violations: <none>

TIMING-18#10 Warning
Missing input or output delay  
An output delay is missing on LED[15] relative to clock(s) sys_clk_pin 
Related violations: <none>

TIMING-18#11 Warning
Missing input or output delay  
An output delay is missing on LED[1] relative to clock(s) sys_clk_pin 
Related violations: <none>

TIMING-18#12 Warning
Missing input or output delay  
An output delay is missing on LED[2] relative to clock(s) sys_clk_pin 
Related violations: <none>

TIMING-18#13 Warning
Missing input or output delay  
An output delay is missing on LED[3] relative to clock(s) sys_clk_pin 
Related violations: <none>

TIMING-18#14 Warning
Missing input or output delay  
An output delay is missing on LED[4] relative to clock(s) sys_clk_pin 
Related violations: <none>

TIMING-18#15 Warning
Missing input or output delay  
An output delay is missing on LED[5] relative to clock(s) sys_clk_pin 
Related violations: <none>

TIMING-18#16 Warning
Missing input or output delay  
An output delay is missing on LED[6] relative to clock(s) sys_clk_pin 
Related violations: <none>

TIMING-18#17 Warning
Missing input or output delay  
An output delay is missing on LED[7] relative to clock(s) sys_clk_pin 
Related violations: <none>

TIMING-18#18 Warning
Missing input or output delay  
An output delay is missing on LED[8] relative to clock(s) sys_clk_pin 
Related violations: <none>

TIMING-18#19 Warning
Missing input or output delay  
An output delay is missing on LED[9] relative to clock(s) sys_clk_pin 
Related violations: <none>

TIMING-20#1 Warning
Non-clocked latch  
The latch ADC_DUT/DATA_OUT_reg[0] cannot be properly analyzed as its control pin ADC_DUT/DATA_OUT_reg[0]/G is not reached by a timing clock
Related violations: <none>

TIMING-20#2 Warning
Non-clocked latch  
The latch ADC_DUT/DATA_OUT_reg[10] cannot be properly analyzed as its control pin ADC_DUT/DATA_OUT_reg[10]/G is not reached by a timing clock
Related violations: <none>

TIMING-20#3 Warning
Non-clocked latch  
The latch ADC_DUT/DATA_OUT_reg[1] cannot be properly analyzed as its control pin ADC_DUT/DATA_OUT_reg[1]/G is not reached by a timing clock
Related violations: <none>

TIMING-20#4 Warning
Non-clocked latch  
The latch ADC_DUT/DATA_OUT_reg[2] cannot be properly analyzed as its control pin ADC_DUT/DATA_OUT_reg[2]/G is not reached by a timing clock
Related violations: <none>

TIMING-20#5 Warning
Non-clocked latch  
The latch ADC_DUT/DATA_OUT_reg[3] cannot be properly analyzed as its control pin ADC_DUT/DATA_OUT_reg[3]/G is not reached by a timing clock
Related violations: <none>

TIMING-20#6 Warning
Non-clocked latch  
The latch ADC_DUT/DATA_OUT_reg[4] cannot be properly analyzed as its control pin ADC_DUT/DATA_OUT_reg[4]/G is not reached by a timing clock
Related violations: <none>

TIMING-20#7 Warning
Non-clocked latch  
The latch ADC_DUT/DATA_OUT_reg[5] cannot be properly analyzed as its control pin ADC_DUT/DATA_OUT_reg[5]/G is not reached by a timing clock
Related violations: <none>

TIMING-20#8 Warning
Non-clocked latch  
The latch ADC_DUT/DATA_OUT_reg[6] cannot be properly analyzed as its control pin ADC_DUT/DATA_OUT_reg[6]/G is not reached by a timing clock
Related violations: <none>

TIMING-20#9 Warning
Non-clocked latch  
The latch ADC_DUT/DATA_OUT_reg[7] cannot be properly analyzed as its control pin ADC_DUT/DATA_OUT_reg[7]/G is not reached by a timing clock
Related violations: <none>

TIMING-20#10 Warning
Non-clocked latch  
The latch ADC_DUT/DATA_OUT_reg[8] cannot be properly analyzed as its control pin ADC_DUT/DATA_OUT_reg[8]/G is not reached by a timing clock
Related violations: <none>

TIMING-20#11 Warning
Non-clocked latch  
The latch ADC_DUT/DATA_OUT_reg[9] cannot be properly analyzed as its control pin ADC_DUT/DATA_OUT_reg[9]/G is not reached by a timing clock
Related violations: <none>

TIMING-20#12 Warning
Non-clocked latch  
The latch ADC_DUT/FSM_sequential_next_state_reg[0] cannot be properly analyzed as its control pin ADC_DUT/FSM_sequential_next_state_reg[0]/G is not reached by a timing clock
Related violations: <none>

TIMING-20#13 Warning
Non-clocked latch  
The latch ADC_DUT/FSM_sequential_next_state_reg[1] cannot be properly analyzed as its control pin ADC_DUT/FSM_sequential_next_state_reg[1]/G is not reached by a timing clock
Related violations: <none>

TIMING-20#14 Warning
Non-clocked latch  
The latch ADC_DUT/FSM_sequential_next_state_reg[2] cannot be properly analyzed as its control pin ADC_DUT/FSM_sequential_next_state_reg[2]/G is not reached by a timing clock
Related violations: <none>

TIMING-20#15 Warning
Non-clocked latch  
The latch ADC_DUT/FSM_sequential_next_state_reg[3] cannot be properly analyzed as its control pin ADC_DUT/FSM_sequential_next_state_reg[3]/G is not reached by a timing clock
Related violations: <none>

TIMING-20#16 Warning
Non-clocked latch  
The latch ADC_DUT/count_next_reg[0] cannot be properly analyzed as its control pin ADC_DUT/count_next_reg[0]/G is not reached by a timing clock
Related violations: <none>

TIMING-20#17 Warning
Non-clocked latch  
The latch ADC_DUT/count_next_reg[1] cannot be properly analyzed as its control pin ADC_DUT/count_next_reg[1]/G is not reached by a timing clock
Related violations: <none>

TIMING-20#18 Warning
Non-clocked latch  
The latch ADC_DUT/count_next_reg[2] cannot be properly analyzed as its control pin ADC_DUT/count_next_reg[2]/G is not reached by a timing clock
Related violations: <none>

TIMING-20#19 Warning
Non-clocked latch  
The latch ADC_DUT/count_next_reg[3] cannot be properly analyzed as its control pin ADC_DUT/count_next_reg[3]/G is not reached by a timing clock
Related violations: <none>

TIMING-20#20 Warning
Non-clocked latch  
The latch ADC_DUT/count_next_reg[4] cannot be properly analyzed as its control pin ADC_DUT/count_next_reg[4]/G is not reached by a timing clock
Related violations: <none>

TIMING-20#21 Warning
Non-clocked latch  
The latch ADC_DUT/count_next_reg[5] cannot be properly analyzed as its control pin ADC_DUT/count_next_reg[5]/G is not reached by a timing clock
Related violations: <none>

TIMING-20#22 Warning
Non-clocked latch  
The latch ADC_DUT/count_next_reg[6] cannot be properly analyzed as its control pin ADC_DUT/count_next_reg[6]/G is not reached by a timing clock
Related violations: <none>

TIMING-20#23 Warning
Non-clocked latch  
The latch ADC_DUT/count_next_reg[7] cannot be properly analyzed as its control pin ADC_DUT/count_next_reg[7]/G is not reached by a timing clock
Related violations: <none>

TIMING-20#24 Warning
Non-clocked latch  
The latch ADC_DUT/count_next_reg[8] cannot be properly analyzed as its control pin ADC_DUT/count_next_reg[8]/G is not reached by a timing clock
Related violations: <none>


